
[ 糗事百科 Spider ] is started...

  * PHPSpider Version: 2.0.7
  * Documentation: https://doc.phpspider.org
  * Task Number: 1

Input "php index.php stop" to quit. Start success.

2017-08-23 05:16:08 [debug] Find scan page: http://www.qiushibaike.com/
2017-08-23 05:16:08 [info] Find pages: 1 
2017-08-23 05:16:08 [info] Waiting for collect pages: 1 
2017-08-23 05:16:08 [info] Collected pages: 0 

[ 糗事百科 Spider ] is started...

  * PHPSpider Version: 2.0.7
  * Documentation: https://doc.phpspider.org
  * Task Number: 1

Input "php index.php stop" to quit. Start success.

2017-08-23 05:19:25 [debug] Find scan page: http://www.qiushibaike.com/
2017-08-23 05:19:25 [info] Find pages: 1 
2017-08-23 05:19:25 [info] Waiting for collect pages: 1 
2017-08-23 05:19:25 [info] Collected pages: 0 

[ 糗事百科 Spider ] is started...

  * PHPSpider Version: 2.0.7
  * Documentation: https://doc.phpspider.org
  * Task Number: 1

Input "php index.php stop" to quit. Start success.

2017-08-23 05:20:50 [debug] Find scan page: http://www.qiushibaike.com/
2017-08-23 05:20:50 [info] Find pages: 1 
2017-08-23 05:20:50 [info] Waiting for collect pages: 1 
2017-08-23 05:20:50 [info] Collected pages: 0 

[ qi Spider ] is started...

  * PHPSpider Version: 2.0.7
  * Documentation: https://doc.phpspider.org
  * Task Number: 1

Input "php index.php stop" to quit. Start success.

2017-08-23 05:21:24 [debug] Find scan page: http://www.qiushibaike.com/
2017-08-23 05:21:24 [info] Find pages: 1 
2017-08-23 05:21:24 [info] Waiting for collect pages: 1 
2017-08-23 05:21:24 [info] Collected pages: 0 

[ qi Spider ] is started...

  * PHPSpider Version: 2.0.7
  * Documentation: https://doc.phpspider.org
  * Task Number: 1

Input "php index.php stop" to quit. Start success.

2017-08-23 05:28:51 [debug] Find scan page: http://www.qiushibaike.com/
2017-08-23 05:28:51 [info] Find pages: 1 
2017-08-23 05:28:51 [info] Waiting for collect pages: 1 
2017-08-23 05:28:51 [info] Collected pages: 0 
